1607970579898	geckodriver	INFO	Listening on 127.0.0.1:59626
1607970705260	geckodriver	INFO	Listening on 127.0.0.1:59662
1607970964644	geckodriver	INFO	Listening on 127.0.0.1:60195
1607970968164	mozrunner::runner	INFO	Running command: "C:\\Program Files (x86)\\Mozilla Firefox\\firefox.exe" "--marionette" "-foreground" "-no-remote" "-profile" "C:\\Users\\HOME\\AppData\\Local\\Temp\\rust_mozprofileDSSzti"
Can't find symbol 'eglSwapBuffersWithDamageEXT'.
Can't find symbol 'eglSetDamageRegionKHR'.
JavaScript error: resource://gre/modules/XULStore.jsm, line 66: Error: Can't find profile directory.
console.warn: SearchSettings: "get: No settings file exists, new profile?" (new Error("", "(unknown module)"))
1607970977812	Marionette	INFO	Listening on port 60203
1607970978542	Marionette	WARN	TLS certificate errors will be ignored for this session
1607971045238	Marionette	INFO	Stopped listening on port 60203

###!!! [Child][MessageChannel::SendAndWait] Error: Channel error: cannot send/recv

efox\\firefox.exe" "--marionette" "-foreground" "-no-remote" "-profile" "C:\\Users\\HOME\\AppData\\Local\\Temp\\rust_mozprofilekR9z41"
Can't find symbol 'eglSwapBuffersWithDamageEXT'.
Can't find symbol 'eglSetDamageRegionKHR'.
JavaScript error: resource://gre/modules/XULStore.jsm, line 66: Error: Can't find profile directory.
console.warn: SearchSettings: "get: No settings file exists, new profile?" (new Error("", "(unknown module)"))
1607971024368	Marionette	INFO	Listening on port 60276
1607971024541	Marionette	WARN	TLS certificate errors will be ignored for this session

###!!! [Child][RunMessage] Error: Channel closing: too late to send/recv, messages will be lost

1607971044584	Marionette	INFO	Stopped listening on port 60276

###!!! [Child][RunMessage] Error: Channel closing: too late to send/recv, messages will be lost


###!!! [Child][MessageChannel::SendAndWait] Error: Channel error: cannot send/recv

1607971459271	geckodriver	INFO	Listening on 127.0.0.1:60354
1607971462349	mozrunner::runner	INFO	Running command: "C:\\Program Files (x86)\\Mozilla Firefox\\firefox.exe" "--marionette" "-foreground" "-no-remote" "-profile" "C:\\Users\\HOME\\AppData\\Local\\Temp\\rust_mozprofiler1KpEy"
Can't find symbol 'eglSwapBuffersWithDamageEXT'.
Can't find symbol 'eglSetDamageRegionKHR'.
JavaScript error: resource://gre/modules/XULStore.jsm, line 66: Error: Can't find profile directory.
console.warn: SearchSettings: "get: No settings file exists, new profile?" (new Error("", "(unknown module)"))
1607971469815	Marionette	INFO	Listening on port 60362
1607971470293	Marionette	WARN	TLS certificate errors will be ignored for this session
1607971552357	Marionette	INFO	Stopped listening on port 60362

###!!! [Child][RunMessage] Error: Channel closing: too late to send/recv, messages will be lost


###!!! [Child][MessageChannel::SendAndWait] Error: Channel error: cannot send/recv

Invalid port. Exiting...
